<?xml version="1.0" encoding="UTF-8"?>
<testng-results ignored="0" total="2" passed="2" failed="0" skipped="0">
  <reporter-output>
  </reporter-output>
  <suite started-at="2024-05-08T12:16:59 IST" name="Suite" finished-at="2024-05-08T12:17:35 IST" duration-ms="35739">
    <groups>
    </groups>
    <test started-at="2024-05-08T12:16:59 IST" name="Test on Chrome" finished-at="2024-05-08T12:17:23 IST" duration-ms="23861">
      <class name="webElements.SelectAutosuggest">
        <test-method signature="scenario1(java.lang.String)[pri:0, instance:webElements.SelectAutosuggest@1623b78d]" started-at="2024-05-08T12:16:59 IST" name="scenario1" finished-at="2024-05-08T12:17:23 IST" duration-ms="23757" status="PASS">
          <params>
            <param index="0">
              <value>
                <![CDATA[Chrome]]>
              </value>
            </param>
          </params>
          <reporter-output>
          </reporter-output>
        </test-method> <!-- scenario1 -->
      </class> <!-- webElements.SelectAutosuggest -->
    </test> <!-- Test on Chrome -->
    <test started-at="2024-05-08T12:16:59 IST" name="Test on Firefox" finished-at="2024-05-08T12:17:35 IST" duration-ms="35739">
      <class name="webElements.SelectAutosuggest">
        <test-method signature="scenario1(java.lang.String)[pri:0, instance:webElements.SelectAutosuggest@28701274]" started-at="2024-05-08T12:16:59 IST" name="scenario1" finished-at="2024-05-08T12:17:35 IST" duration-ms="35672" status="PASS">
          <params>
            <param index="0">
              <value>
                <![CDATA[Firefox]]>
              </value>
            </param>
          </params>
          <reporter-output>
          </reporter-output>
        </test-method> <!-- scenario1 -->
      </class> <!-- webElements.SelectAutosuggest -->
    </test> <!-- Test on Firefox -->
  </suite> <!-- Suite -->
</testng-results>
